<?xml version="1.0" encoding="UTF-8"?>
<testng-results skipped="0" failed="0" total="1" passed="1">
  <reporter-output>
  </reporter-output>
  <suite name="Default suite" duration-ms="6046" started-at="2019-03-07T03:22:38Z" finished-at="2019-03-07T03:22:44Z">
    <groups>
    </groups>
    <test name="Default test" duration-ms="6046" started-at="2019-03-07T03:22:38Z" finished-at="2019-03-07T03:22:44Z">
      <class name="pack.NewTest">
        <test-method status="PASS" signature="f()[pri:0, instance:pack.NewTest@d2cc05a]" name="f" duration-ms="6028" started-at="2019-03-07T08:52:38Z" finished-at="2019-03-07T08:52:44Z">
          <reporter-output>
          </reporter-output>
        </test-method> <!-- f -->
      </class> <!-- pack.NewTest -->
    </test> <!-- Default test -->
  </suite> <!-- Default suite -->
</testng-results>
